Running python script
Fitting 3 folds for each of 18 candidates, totalling 54 fits
[CV] END ...................C=0.1, gamma=0.01, kernel=linear; total time=   0.0s
[CV] END ...................C=0.1, gamma=0.01, kernel=linear; total time=   0.0s
[CV] END ...................C=0.1, gamma=0.01, kernel=linear; total time=   0.0s
[CV] END .....................C=0.1, gamma=0.01, kernel=poly; total time=   0.0s
[CV] END .....................C=0.1, gamma=0.01, kernel=poly; total time=   0.0s
[CV] END .....................C=0.1, gamma=0.01, kernel=poly; total time=   0.0s
[CV] END ....................C=0.1, gamma=0.1, kernel=linear; total time=   0.0s
[CV] END ....................C=0.1, gamma=0.1, kernel=linear; total time=   0.0s
[CV] END ....................C=0.1, gamma=0.1, kernel=linear; total time=   0.0s
[CV] END ......................C=0.1, gamma=0.1, kernel=poly; total time=   0.0s
[CV] END ......................C=0.1, gamma=0.1, kernel=poly; total time=   0.0s
[CV] END ......................C=0.1, gamma=0.1, kernel=poly; total time=   0.0s
[CV] END ......................C=0.1, gamma=1, kernel=linear; total time=   0.0s
[CV] END ......................C=0.1, gamma=1, kernel=linear; total time=   0.0s
[CV] END ......................C=0.1, gamma=1, kernel=linear; total time=   0.0s
[CV] END ........................C=0.1, gamma=1, kernel=poly; total time=   6.8s
[CV] END ........................C=0.1, gamma=1, kernel=poly; total time=  15.6s
[CV] END ........................C=0.1, gamma=1, kernel=poly; total time=   6.1s
[CV] END .....................C=1, gamma=0.01, kernel=linear; total time=   0.0s
[CV] END .....................C=1, gamma=0.01, kernel=linear; total time=   0.0s
[CV] END .....................C=1, gamma=0.01, kernel=linear; total time=   0.0s
[CV] END .......................C=1, gamma=0.01, kernel=poly; total time=   0.0s
[CV] END .......................C=1, gamma=0.01, kernel=poly; total time=   0.0s
[CV] END .......................C=1, gamma=0.01, kernel=poly; total time=   0.0s
[CV] END ......................C=1, gamma=0.1, kernel=linear; total time=   0.0s
[CV] END ......................C=1, gamma=0.1, kernel=linear; total time=   0.0s
[CV] END ......................C=1, gamma=0.1, kernel=linear; total time=   0.0s
[CV] END ........................C=1, gamma=0.1, kernel=poly; total time=   0.1s
[CV] END ........................C=1, gamma=0.1, kernel=poly; total time=   0.1s
[CV] END ........................C=1, gamma=0.1, kernel=poly; total time=   0.1s
[CV] END ........................C=1, gamma=1, kernel=linear; total time=   0.0s
[CV] END ........................C=1, gamma=1, kernel=linear; total time=   0.0s
[CV] END ........................C=1, gamma=1, kernel=linear; total time=   0.0s
[CV] END ..........................C=1, gamma=1, kernel=poly; total time= 1.9min
[CV] END ..........................C=1, gamma=1, kernel=poly; total time= 1.2min
[CV] END ..........................C=1, gamma=1, kernel=poly; total time= 1.5min
[CV] END ....................C=10, gamma=0.01, kernel=linear; total time=   0.0s
[CV] END ....................C=10, gamma=0.01, kernel=linear; total time=   0.1s
[CV] END ....................C=10, gamma=0.01, kernel=linear; total time=   0.0s
[CV] END ......................C=10, gamma=0.01, kernel=poly; total time=   0.0s
[CV] END ......................C=10, gamma=0.01, kernel=poly; total time=   0.0s
[CV] END ......................C=10, gamma=0.01, kernel=poly; total time=   0.0s
[CV] END .....................C=10, gamma=0.1, kernel=linear; total time=   0.0s
[CV] END .....................C=10, gamma=0.1, kernel=linear; total time=   0.1s
[CV] END .....................C=10, gamma=0.1, kernel=linear; total time=   0.0s
[CV] END .......................C=10, gamma=0.1, kernel=poly; total time=   0.7s
[CV] END .......................C=10, gamma=0.1, kernel=poly; total time=   1.1s
[CV] END .......................C=10, gamma=0.1, kernel=poly; total time=   1.0s
[CV] END .......................C=10, gamma=1, kernel=linear; total time=   0.0s
[CV] END .......................C=10, gamma=1, kernel=linear; total time=   0.1s
[CV] END .......................C=10, gamma=1, kernel=linear; total time=   0.0s
[CV] END .........................C=10, gamma=1, kernel=poly; total time=25.3min
[CV] END .........................C=10, gamma=1, kernel=poly; total time=60.3min
[CV] END .........................C=10, gamma=1, kernel=poly; total time= 7.6min
Best parameters: {'C': 0.1, 'gamma': 0.01, 'kernel': 'linear'}
Best cross-validation score: 0.9133575854927992
Test set accuracy: 0.912621359223301
Classical SVC on the training dataset: 0.92
Classical SVC on the test dataset:     0.91
Elapsed time to train SVC: 5904.0478 seconds

Job ID:              85632
Job Name:            svm_training_capstone
Number of Nodes:     1
Number of CPU cores: 10
Number of Tasks:     1
Partition:           gpu_2day
